Arguments: 
  /usr/local/bin/node /usr/local/bin/yarn add @types/react-native-pixel-perfect

PATH: 
  /usr/local/bin:/usr/bin:/bin:/usr/sbin:/sbin:/Library/Apple/usr/bin:/Library/Frameworks/Mono.framework/Versions/Current/Commands:/Users/devmobile/Library/Android/sdk/emulator:/Users/devmobile/Library/Android/sdk/tools:/Users/devmobile/Library/Android/sdk/tools/bin:/Users/devmobile/Library/Android/sdk/platform-tools:/Users/devmobile/flutter/bin:/Users/devmobile/.pub-cache/bin:/Users/devmobile/Library/Android/sdk/emulator:/Users/devmobile/Library/Android/sdk/tools:/Users/devmobile/Library/Android/sdk/tools/bin:/Users/devmobile/Library/Android/sdk/platform-tools:/Users/devmobile/flutter/bin:/Users/devmobile/.pub-cache/bin

Yarn version: 
  1.22.17

Node version: 
  16.13.2

Platform: 
  darwin x64

Trace: 
  Error: https://registry.yarnpkg.com/@types%2freact-native-pixel-perfect: Not found
      at Request.params.callback [as _callback] (/usr/local/lib/node_modules/yarn/lib/cli.js:67029:18)
      at Request.self.callback (/usr/local/lib/node_modules/yarn/lib/cli.js:140883:22)
      at Request.emit (node:events:390:28)
      at Request.<anonymous> (/usr/local/lib/node_modules/yarn/lib/cli.js:141855:10)
      at Request.emit (node:events:390:28)
      at IncomingMessage.<anonymous> (/usr/local/lib/node_modules/yarn/lib/cli.js:141777:12)
      at Object.onceWrapper (node:events:509:28)
      at IncomingMessage.emit (node:events:402:35)
      at endReadableNT (node:internal/streams/readable:1343:12)
      at processTicksAndRejections (node:internal/process/task_queues:83:21)

npm manifest: 
  No manifest

yarn manifest: 
  No manifest

Lockfile: 
  No lockfile
